<?xml version="1.0" encoding="UTF-8"?>
<testng-results skipped="0" failed="0" ignored="0" total="1" passed="1">
  <reporter-output>
  </reporter-output>
  <suite name="Default suite" duration-ms="22467" started-at="2019-02-05T18:43:08Z" finished-at="2019-02-05T18:43:30Z">
    <groups>
    </groups>
    <test name="Default test" duration-ms="22467" started-at="2019-02-05T18:43:08Z" finished-at="2019-02-05T18:43:30Z">
      <class name="DriverPF.LoginAppTest">
        <test-method status="PASS" signature="kickOff()[pri:0, instance:DriverPF.LoginAppTest@e874448]" name="kickOff" duration-ms="22405" started-at="2019-02-05T18:43:08Z" finished-at="2019-02-05T18:43:30Z">
          <reporter-output>
          </reporter-output>
        </test-method> <!-- kickOff -->
      </class> <!-- DriverPF.LoginAppTest -->
    </test> <!-- Default test -->
  </suite> <!-- Default suite -->
</testng-results>
